<?xml version="1.0" encoding="UTF-8"?>
<!-- Generated by org.testng.reporters.JUnitReportReporter -->
<testsuite hostname="DESKTOP-37D3N26" failures="0" tests="1" name="driverFactory.DriverScript" time="17.192" errors="0" timestamp="2023-09-26T00:24:02 IST" skipped="0">
  <testcase classname="driverFactory.DriverScript" name="validate_login" time="17.192">
    <system-out>
      <![CDATA[no of row:: 10
login successfull
login unsucessfull
login unsucessfull
login unsucessfull
login successfull
login unsucessfull
login successfull
login unsucessfull
login successfull
login unsucessfull]]>
    </system-out>
  </testcase> <!-- validate_login -->
  <system-out>
    <![CDATA[brower is not available
no of row:: 10
login successfull
login unsucessfull
login unsucessfull
login unsucessfull
login successfull
login unsucessfull
login successfull
login unsucessfull
login successfull
login unsucessfull]]>
  </system-out>
</testsuite> <!-- driverFactory.DriverScript -->
